<?xml version="1.0" encoding="UTF-8" ?>
<testsuite tests="4" failures="0" name="DoubleInputTest" time="0.015" errors="0" skipped="0">
  <properties>
[...]
</properties>
  <testcase classname="DoubleInputTest" name="correctOrder" time="0"/>
  <testcase classname="DoubleInputTest" name="correctOutputWhenNumber2_92" time="0.015"/>
  <testcase classname="DoubleInputTest" name="correctOutputWhenNumber_14" time="0"/>
  <testcase classname="DoubleInputTest" name="inputConvertedToDouble" time="0"/>
</testsuite>